[
  {
    "line": 1,
    "elements": [
      {
        "line": 11,
        "name": "",
        "description": "",
        "id": "hotel-booking-in-adactin-application;;;2",
        "type": "scenario",
        "keyword": "Scenario Outline",
        "steps": [
          {
            "result": {
              "duration": 12261628500,
              "status": "passed"
            },
            "line": 5,
            "name": "user Launch the Application",
            "match": {
              "location": "Step_Definition.user_Launch_the_Application()"
            },
            "keyword": "Given "
          },
          {
            "result": {
              "duration": 136698800,
              "error_message": "org.openqa.selenium.NoSuchWindowException: no such window: target window already closed\nfrom unknown error: web view not found\n  (Session info: chrome\u003d89.0.4389.90)\nBuild info: version: \u00273.141.59\u0027, revision: \u0027e82be7d358\u0027, time: \u00272018-11-14T08:17:03\u0027\nSystem info: host: \u0027SPRAJA777\u0027, ip: \u0027192.168.0.102\u0027, os.name: \u0027Windows 10\u0027, os.arch: \u0027amd64\u0027, os.version: \u002710.0\u0027, java.version: \u00271.8.0_271\u0027\nDriver info: org.openqa.selenium.chrome.ChromeDriver\nCapabilities {acceptInsecureCerts: false, browserName: chrome, browserVersion: 89.0.4389.90, chrome: {chromedriverVersion: 88.0.4324.96 (68dba2d8a0b14..., userDataDir: C:\\Users\\USER\\AppData\\Local...}, goog:chromeOptions: {debuggerAddress: localhost:64318}, javascriptEnabled: true, networkConnectionEnabled: false, pageLoadStrategy: normal, platform: WINDOWS, platformName: WINDOWS, proxy: Proxy(), setWindowRect: true, strictFileInteractability: false, timeouts: {implicit: 0, pageLoad: 300000, script: 30000}, unhandledPromptBehavior: dismiss and notify, webauthn:extension:largeBlob: true, webauthn:virtualAuthenticators: true}\nSession ID: daee0de61ba8de5a1b0d60524299a6c8\n*** Element info: {Using\u003dxpath, value\u003d//input[@name\u003d\u0027username\u0027]}\r\n\tat sun.reflect.NativeConstructorAccessorImpl.newInstance0(Native Method)\r\n\tat sun.reflect.NativeConstructorAccessorImpl.newInstance(Unknown Source)\r\n\tat sun.reflect.DelegatingConstructorAccessorImpl.newInstance(Unknown Source)\r\n\tat java.lang.reflect.Constructor.newInstance(Unknown Source)\r\n\tat org.openqa.selenium.remote.http.W3CHttpResponseCodec.createException(W3CHttpResponseCodec.java:187)\r\n\tat org.openqa.selenium.remote.http.W3CHttpResponseCodec.decode(W3CHttpResponseCodec.java:122)\r\n\tat org.openqa.selenium.remote.http.W3CHttpResponseCodec.decode(W3CHttpResponseCodec.java:49)\r\n\tat org.openqa.selenium.remote.HttpCommandExecutor.execute(HttpCommandExecutor.java:158)\r\n\tat org.openqa.selenium.remote.service.DriverCommandExecutor.execute(DriverCommandExecutor.java:83)\r\n\tat org.openqa.selenium.remote.RemoteWebDriver.execute(RemoteWebDriver.java:552)\r\n\tat org.openqa.selenium.remote.RemoteWebDriver.findElement(RemoteWebDriver.java:323)\r\n\tat org.openqa.selenium.remote.RemoteWebDriver.findElementByXPath(RemoteWebDriver.java:428)\r\n\tat org.openqa.selenium.By$ByXPath.findElement(By.java:353)\r\n\tat org.openqa.selenium.remote.RemoteWebDriver.findElement(RemoteWebDriver.java:315)\r\n\tat org.openqa.selenium.support.pagefactory.DefaultElementLocator.findElement(DefaultElementLocator.java:69)\r\n\tat org.openqa.selenium.support.pagefactory.internal.LocatingElementHandler.invoke(LocatingElementHandler.java:38)\r\n\tat com.sun.proxy.$Proxy17.sendKeys(Unknown Source)\r\n\tat com.Baseclass.Base_Class.sendKeys(Base_Class.java:306)\r\n\tat com.adactin.stepdefinition.Step_Definition.user_Enter_The_In_Username_Field(Step_Definition.java:28)\r\n\tat ✽.When user Enter The \"abc\" In Username Field(Adactin.feature:6)\r\n",
              "status": "failed"
            },
            "line": 6,
            "name": "user Enter The \"abc\" In Username Field",
            "match": {
              "arguments": [
                {
                  "val": "abc",
                  "offset": 16
                }
              ],
              "location": "Step_Definition.user_Enter_The_In_Username_Field(String)"
            },
            "matchedColumns": [
              0
            ],
            "keyword": "When "
          },
          {
            "result": {
              "status": "skipped"
            },
            "line": 7,
            "name": "user Enter The \"123\" In Password Field",
            "match": {
              "arguments": [
                {
                  "val": "123",
                  "offset": 16
                }
              ],
              "location": "Step_Definition.user_Enter_The_In_Password_Field(String)"
            },
            "matchedColumns": [
              1
            ],
            "keyword": "And "
          },
          {
            "result": {
              "status": "skipped"
            },
            "line": 8,
            "name": "user Click On The Login Button And It Navigates To The Search Hotel Page",
            "match": {
              "location": "Step_Definition.user_Click_On_The_Login_Button_And_It_Navigates_To_The_Search_Hotel_Page()"
            },
            "keyword": "Then "
          }
        ],
        "tags": [
          {
            "line": 3,
            "name": "@SmokeTest"
          }
        ]
      },
      {
        "line": 12,
        "name": "",
        "description": "",
        "id": "hotel-booking-in-adactin-application;;;3",
        "type": "scenario",
        "keyword": "Scenario Outline",
        "steps": [
          {
            "result": {
              "duration": 17638700,
              "error_message": "org.openqa.selenium.NoSuchWindowException: no such window: target window already closed\nfrom unknown error: web view not found\n  (Session info: chrome\u003d89.0.4389.90)\nBuild info: version: \u00273.141.59\u0027, revision: \u0027e82be7d358\u0027, time: \u00272018-11-14T08:17:03\u0027\nSystem info: host: \u0027SPRAJA777\u0027, ip: \u0027192.168.0.102\u0027, os.name: \u0027Windows 10\u0027, os.arch: \u0027amd64\u0027, os.version: \u002710.0\u0027, java.version: \u00271.8.0_271\u0027\nDriver info: org.openqa.selenium.chrome.ChromeDriver\nCapabilities {acceptInsecureCerts: false, browserName: chrome, browserVersion: 89.0.4389.90, chrome: {chromedriverVersion: 88.0.4324.96 (68dba2d8a0b14..., userDataDir: C:\\Users\\USER\\AppData\\Local...}, goog:chromeOptions: {debuggerAddress: localhost:64318}, javascriptEnabled: true, networkConnectionEnabled: false, pageLoadStrategy: normal, platform: WINDOWS, platformName: WINDOWS, proxy: Proxy(), setWindowRect: true, strictFileInteractability: false, timeouts: {implicit: 0, pageLoad: 300000, script: 30000}, unhandledPromptBehavior: dismiss and notify, webauthn:extension:largeBlob: true, webauthn:virtualAuthenticators: true}\nSession ID: daee0de61ba8de5a1b0d60524299a6c8\r\n\tat sun.reflect.NativeConstructorAccessorImpl.newInstance0(Native Method)\r\n\tat sun.reflect.NativeConstructorAccessorImpl.newInstance(Unknown Source)\r\n\tat sun.reflect.DelegatingConstructorAccessorImpl.newInstance(Unknown Source)\r\n\tat java.lang.reflect.Constructor.newInstance(Unknown Source)\r\n\tat org.openqa.selenium.remote.http.W3CHttpResponseCodec.createException(W3CHttpResponseCodec.java:187)\r\n\tat org.openqa.selenium.remote.http.W3CHttpResponseCodec.decode(W3CHttpResponseCodec.java:122)\r\n\tat org.openqa.selenium.remote.http.W3CHttpResponseCodec.decode(W3CHttpResponseCodec.java:49)\r\n\tat org.openqa.selenium.remote.HttpCommandExecutor.execute(HttpCommandExecutor.java:158)\r\n\tat org.openqa.selenium.remote.service.DriverCommandExecutor.execute(DriverCommandExecutor.java:83)\r\n\tat org.openqa.selenium.remote.RemoteWebDriver.execute(RemoteWebDriver.java:552)\r\n\tat org.openqa.selenium.remote.RemoteWebDriver.get(RemoteWebDriver.java:277)\r\n\tat com.Baseclass.Base_Class.get_ToUrl(Base_Class.java:82)\r\n\tat com.adactin.stepdefinition.Step_Definition.user_Launch_the_Application(Step_Definition.java:22)\r\n\tat ✽.Given user Launch the Application(Adactin.feature:5)\r\n",
              "status": "failed"
            },
            "line": 5,
            "name": "user Launch the Application",
            "match": {
              "location": "Step_Definition.user_Launch_the_Application()"
            },
            "keyword": "Given "
          },
          {
            "result": {
              "status": "skipped"
            },
            "line": 6,
            "name": "user Enter The \"xyz\" In Username Field",
            "match": {
              "arguments": [
                {
                  "val": "xyz",
                  "offset": 16
                }
              ],
              "location": "Step_Definition.user_Enter_The_In_Username_Field(String)"
            },
            "matchedColumns": [
              0
            ],
            "keyword": "When "
          },
          {
            "result": {
              "status": "skipped"
            },
            "line": 7,
            "name": "user Enter The \"345\" In Password Field",
            "match": {
              "arguments": [
                {
                  "val": "345",
                  "offset": 16
                }
              ],
              "location": "Step_Definition.user_Enter_The_In_Password_Field(String)"
            },
            "matchedColumns": [
              1
            ],
            "keyword": "And "
          },
          {
            "result": {
              "status": "skipped"
            },
            "line": 8,
            "name": "user Click On The Login Button And It Navigates To The Search Hotel Page",
            "match": {
              "location": "Step_Definition.user_Click_On_The_Login_Button_And_It_Navigates_To_The_Search_Hotel_Page()"
            },
            "keyword": "Then "
          }
        ],
        "tags": [
          {
            "line": 3,
            "name": "@SmokeTest"
          }
        ]
      },
      {
        "line": 13,
        "name": "",
        "description": "",
        "id": "hotel-booking-in-adactin-application;;;4",
        "type": "scenario",
        "keyword": "Scenario Outline",
        "steps": [
          {
            "result": {
              "duration": 18150600,
              "error_message": "org.openqa.selenium.NoSuchWindowException: no such window: target window already closed\nfrom unknown error: web view not found\n  (Session info: chrome\u003d89.0.4389.90)\nBuild info: version: \u00273.141.59\u0027, revision: \u0027e82be7d358\u0027, time: \u00272018-11-14T08:17:03\u0027\nSystem info: host: \u0027SPRAJA777\u0027, ip: \u0027192.168.0.102\u0027, os.name: \u0027Windows 10\u0027, os.arch: \u0027amd64\u0027, os.version: \u002710.0\u0027, java.version: \u00271.8.0_271\u0027\nDriver info: org.openqa.selenium.chrome.ChromeDriver\nCapabilities {acceptInsecureCerts: false, browserName: chrome, browserVersion: 89.0.4389.90, chrome: {chromedriverVersion: 88.0.4324.96 (68dba2d8a0b14..., userDataDir: C:\\Users\\USER\\AppData\\Local...}, goog:chromeOptions: {debuggerAddress: localhost:64318}, javascriptEnabled: true, networkConnectionEnabled: false, pageLoadStrategy: normal, platform: WINDOWS, platformName: WINDOWS, proxy: Proxy(), setWindowRect: true, strictFileInteractability: false, timeouts: {implicit: 0, pageLoad: 300000, script: 30000}, unhandledPromptBehavior: dismiss and notify, webauthn:extension:largeBlob: true, webauthn:virtualAuthenticators: true}\nSession ID: daee0de61ba8de5a1b0d60524299a6c8\r\n\tat sun.reflect.NativeConstructorAccessorImpl.newInstance0(Native Method)\r\n\tat sun.reflect.NativeConstructorAccessorImpl.newInstance(Unknown Source)\r\n\tat sun.reflect.DelegatingConstructorAccessorImpl.newInstance(Unknown Source)\r\n\tat java.lang.reflect.Constructor.newInstance(Unknown Source)\r\n\tat org.openqa.selenium.remote.http.W3CHttpResponseCodec.createException(W3CHttpResponseCodec.java:187)\r\n\tat org.openqa.selenium.remote.http.W3CHttpResponseCodec.decode(W3CHttpResponseCodec.java:122)\r\n\tat org.openqa.selenium.remote.http.W3CHttpResponseCodec.decode(W3CHttpResponseCodec.java:49)\r\n\tat org.openqa.selenium.remote.HttpCommandExecutor.execute(HttpCommandExecutor.java:158)\r\n\tat org.openqa.selenium.remote.service.DriverCommandExecutor.execute(DriverCommandExecutor.java:83)\r\n\tat org.openqa.selenium.remote.RemoteWebDriver.execute(RemoteWebDriver.java:552)\r\n\tat org.openqa.selenium.remote.RemoteWebDriver.get(RemoteWebDriver.java:277)\r\n\tat com.Baseclass.Base_Class.get_ToUrl(Base_Class.java:82)\r\n\tat com.adactin.stepdefinition.Step_Definition.user_Launch_the_Application(Step_Definition.java:22)\r\n\tat ✽.Given user Launch the Application(Adactin.feature:5)\r\n",
              "status": "failed"
            },
            "line": 5,
            "name": "user Launch the Application",
            "match": {
              "location": "Step_Definition.user_Launch_the_Application()"
            },
            "keyword": "Given "
          },
          {
            "result": {
              "status": "skipped"
            },
            "line": 6,
            "name": "user Enter The \"spraja777\" In Username Field",
            "match": {
              "arguments": [
                {
                  "val": "spraja777",
                  "offset": 16
                }
              ],
              "location": "Step_Definition.user_Enter_The_In_Username_Field(String)"
            },
            "matchedColumns": [
              0
            ],
            "keyword": "When "
          },
          {
            "result": {
              "status": "skipped"
            },
            "line": 7,
            "name": "user Enter The \"mypassword\" In Password Field",
            "match": {
              "arguments": [
                {
                  "val": "mypassword",
                  "offset": 16
                }
              ],
              "location": "Step_Definition.user_Enter_The_In_Password_Field(String)"
            },
            "matchedColumns": [
              1
            ],
            "keyword": "And "
          },
          {
            "result": {
              "status": "skipped"
            },
            "line": 8,
            "name": "user Click On The Login Button And It Navigates To The Search Hotel Page",
            "match": {
              "location": "Step_Definition.user_Click_On_The_Login_Button_And_It_Navigates_To_The_Search_Hotel_Page()"
            },
            "keyword": "Then "
          }
        ],
        "tags": [
          {
            "line": 3,
            "name": "@SmokeTest"
          }
        ]
      },
      {
        "line": 16,
        "name": "",
        "description": "",
        "id": "hotel-booking-in-adactin-application;",
        "type": "scenario",
        "keyword": "Scenario",
        "steps": [
          {
            "result": {
              "duration": 27784200,
              "status": "passed"
            },
            "line": 17,
            "name": "user Select The Location From Location DropDown",
            "match": {
              "location": "Step_Definition.user_Select_The_Location_From_Location_DropDown()"
            },
            "keyword": "When "
          },
          {
            "result": {
              "duration": 39409200,
              "status": "passed"
            },
            "line": 18,
            "name": "user Select The Hotels From Hotels DropDown",
            "match": {
              "location": "Step_Definition.user_Select_The_Hotels_From_Hotels_DropDown()"
            },
            "keyword": "And "
          },
          {
            "result": {
              "duration": 14821900,
              "status": "passed"
            },
            "line": 19,
            "name": "user Select The Room Type From Room Type DropDown",
            "match": {
              "location": "Step_Definition.user_Select_The_Room_Type_From_Room_Type_DropDown()"
            },
            "keyword": "And "
          },
          {
            "result": {
              "duration": 3017937600,
              "status": "passed"
            },
            "line": 20,
            "name": "user Select Number Of Rooms From Number of Rooms DropDown",
            "match": {
              "location": "Step_Definition.user_Select_Number_Of_Rooms_From_Number_of_Rooms_DropDown()"
            },
            "keyword": "And "
          },
          {
            "result": {
              "duration": 38035200,
              "error_message": "org.openqa.selenium.NoSuchWindowException: no such window: target window already closed\nfrom unknown error: web view not found\n  (Session info: chrome\u003d89.0.4389.90)\nBuild info: version: \u00273.141.59\u0027, revision: \u0027e82be7d358\u0027, time: \u00272018-11-14T08:17:03\u0027\nSystem info: host: \u0027SPRAJA777\u0027, ip: \u0027192.168.0.102\u0027, os.name: \u0027Windows 10\u0027, os.arch: \u0027amd64\u0027, os.version: \u002710.0\u0027, java.version: \u00271.8.0_271\u0027\nDriver info: org.openqa.selenium.chrome.ChromeDriver\nCapabilities {acceptInsecureCerts: false, browserName: chrome, browserVersion: 89.0.4389.90, chrome: {chromedriverVersion: 88.0.4324.96 (68dba2d8a0b14..., userDataDir: C:\\Users\\USER\\AppData\\Local...}, goog:chromeOptions: {debuggerAddress: localhost:64318}, javascriptEnabled: true, networkConnectionEnabled: false, pageLoadStrategy: normal, platform: WINDOWS, platformName: WINDOWS, proxy: Proxy(), setWindowRect: true, strictFileInteractability: false, timeouts: {implicit: 0, pageLoad: 300000, script: 30000}, unhandledPromptBehavior: dismiss and notify, webauthn:extension:largeBlob: true, webauthn:virtualAuthenticators: true}\nSession ID: daee0de61ba8de5a1b0d60524299a6c8\n*** Element info: {Using\u003dxpath, value\u003d//input[@id\u003d\u0027datepick_in\u0027]}\r\n\tat sun.reflect.NativeConstructorAccessorImpl.newInstance0(Native Method)\r\n\tat sun.reflect.NativeConstructorAccessorImpl.newInstance(Unknown Source)\r\n\tat sun.reflect.DelegatingConstructorAccessorImpl.newInstance(Unknown Source)\r\n\tat java.lang.reflect.Constructor.newInstance(Unknown Source)\r\n\tat org.openqa.selenium.remote.http.W3CHttpResponseCodec.createException(W3CHttpResponseCodec.java:187)\r\n\tat org.openqa.selenium.remote.http.W3CHttpResponseCodec.decode(W3CHttpResponseCodec.java:122)\r\n\tat org.openqa.selenium.remote.http.W3CHttpResponseCodec.decode(W3CHttpResponseCodec.java:49)\r\n\tat org.openqa.selenium.remote.HttpCommandExecutor.execute(HttpCommandExecutor.java:158)\r\n\tat org.openqa.selenium.remote.service.DriverCommandExecutor.execute(DriverCommandExecutor.java:83)\r\n\tat org.openqa.selenium.remote.RemoteWebDriver.execute(RemoteWebDriver.java:552)\r\n\tat org.openqa.selenium.remote.RemoteWebDriver.findElement(RemoteWebDriver.java:323)\r\n\tat org.openqa.selenium.remote.RemoteWebDriver.findElementByXPath(RemoteWebDriver.java:428)\r\n\tat org.openqa.selenium.By$ByXPath.findElement(By.java:353)\r\n\tat org.openqa.selenium.remote.RemoteWebDriver.findElement(RemoteWebDriver.java:315)\r\n\tat org.openqa.selenium.support.pagefactory.DefaultElementLocator.findElement(DefaultElementLocator.java:69)\r\n\tat org.openqa.selenium.support.pagefactory.internal.LocatingElementHandler.invoke(LocatingElementHandler.java:38)\r\n\tat com.sun.proxy.$Proxy17.sendKeys(Unknown Source)\r\n\tat com.Baseclass.Base_Class.ctrlA_Delete(Base_Class.java:320)\r\n\tat com.adactin.stepdefinition.Step_Definition.user_Enter_Check_In_Date_In_Check_In_Date_Field(Step_Definition.java:66)\r\n\tat ✽.And user Enter Check In Date In Check In Date Field(Adactin.feature:21)\r\n",
              "status": "failed"
            },
            "line": 21,
            "name": "user Enter Check In Date In Check In Date Field",
            "match": {
              "location": "Step_Definition.user_Enter_Check_In_Date_In_Check_In_Date_Field()"
            },
            "keyword": "And "
          },
          {
            "result": {
              "status": "skipped"
            },
            "line": 22,
            "name": "user Enter Check Out Date In Check In Date Field",
            "match": {
              "location": "Step_Definition.user_Enter_Check_Out_Date_In_Check_In_Date_Field()"
            },
            "keyword": "And "
          },
          {
            "result": {
              "status": "skipped"
            },
            "line": 23,
            "name": "user Select Adult Per Room In Adult Per Room DropDown",
            "match": {
              "location": "Step_Definition.user_Select_Adult_Per_Room_In_Adult_Per_Room_DropDown()"
            },
            "keyword": "And "
          },
          {
            "result": {
              "status": "skipped"
            },
            "line": 24,
            "name": "user Select Children Per Room In Children Per Room DropDown",
            "match": {
              "location": "Step_Definition.user_Select_Children_Per_Room_In_Children_Per_Room_DropDown()"
            },
            "keyword": "And "
          },
          {
            "result": {
              "status": "skipped"
            },
            "line": 25,
            "name": "user Click Search Button And It Navigates To Select Hotel Page",
            "match": {
              "location": "Step_Definition.user_Click_Search_Button_And_It_Navigates_To_Select_Hotel_Page()"
            },
            "keyword": "Then "
          }
        ],
        "tags": [
          {
            "line": 15,
            "name": "@SanityTest"
          }
        ]
      },
      {
        "line": 28,
        "name": "",
        "description": "",
        "id": "hotel-booking-in-adactin-application;",
        "type": "scenario",
        "keyword": "Scenario",
        "steps": [
          {
            "result": {
              "duration": 36906000,
              "error_message": "org.openqa.selenium.NoSuchWindowException: no such window: target window already closed\nfrom unknown error: web view not found\n  (Session info: chrome\u003d89.0.4389.90)\nBuild info: version: \u00273.141.59\u0027, revision: \u0027e82be7d358\u0027, time: \u00272018-11-14T08:17:03\u0027\nSystem info: host: \u0027SPRAJA777\u0027, ip: \u0027192.168.0.102\u0027, os.name: \u0027Windows 10\u0027, os.arch: \u0027amd64\u0027, os.version: \u002710.0\u0027, java.version: \u00271.8.0_271\u0027\nDriver info: org.openqa.selenium.chrome.ChromeDriver\nCapabilities {acceptInsecureCerts: false, browserName: chrome, browserVersion: 89.0.4389.90, chrome: {chromedriverVersion: 88.0.4324.96 (68dba2d8a0b14..., userDataDir: C:\\Users\\USER\\AppData\\Local...}, goog:chromeOptions: {debuggerAddress: localhost:64318}, javascriptEnabled: true, networkConnectionEnabled: false, pageLoadStrategy: normal, platform: WINDOWS, platformName: WINDOWS, proxy: Proxy(), setWindowRect: true, strictFileInteractability: false, timeouts: {implicit: 0, pageLoad: 300000, script: 30000}, unhandledPromptBehavior: dismiss and notify, webauthn:extension:largeBlob: true, webauthn:virtualAuthenticators: true}\nSession ID: daee0de61ba8de5a1b0d60524299a6c8\n*** Element info: {Using\u003dxpath, value\u003d//input[@id\u003d\u0027radiobutton_0\u0027]}\r\n\tat sun.reflect.NativeConstructorAccessorImpl.newInstance0(Native Method)\r\n\tat sun.reflect.NativeConstructorAccessorImpl.newInstance(Unknown Source)\r\n\tat sun.reflect.DelegatingConstructorAccessorImpl.newInstance(Unknown Source)\r\n\tat java.lang.reflect.Constructor.newInstance(Unknown Source)\r\n\tat org.openqa.selenium.remote.http.W3CHttpResponseCodec.createException(W3CHttpResponseCodec.java:187)\r\n\tat org.openqa.selenium.remote.http.W3CHttpResponseCodec.decode(W3CHttpResponseCodec.java:122)\r\n\tat org.openqa.selenium.remote.http.W3CHttpResponseCodec.decode(W3CHttpResponseCodec.java:49)\r\n\tat org.openqa.selenium.remote.HttpCommandExecutor.execute(HttpCommandExecutor.java:158)\r\n\tat org.openqa.selenium.remote.service.DriverCommandExecutor.execute(DriverCommandExecutor.java:83)\r\n\tat org.openqa.selenium.remote.RemoteWebDriver.execute(RemoteWebDriver.java:552)\r\n\tat org.openqa.selenium.remote.RemoteWebDriver.findElement(RemoteWebDriver.java:323)\r\n\tat org.openqa.selenium.remote.RemoteWebDriver.findElementByXPath(RemoteWebDriver.java:428)\r\n\tat org.openqa.selenium.By$ByXPath.findElement(By.java:353)\r\n\tat org.openqa.selenium.remote.RemoteWebDriver.findElement(RemoteWebDriver.java:315)\r\n\tat org.openqa.selenium.support.pagefactory.DefaultElementLocator.findElement(DefaultElementLocator.java:69)\r\n\tat org.openqa.selenium.support.pagefactory.internal.LocatingElementHandler.invoke(LocatingElementHandler.java:38)\r\n\tat com.sun.proxy.$Proxy17.click(Unknown Source)\r\n\tat com.Baseclass.Base_Class.click(Base_Class.java:301)\r\n\tat com.adactin.stepdefinition.Step_Definition.user_Select_The_Hotel_From_Select_Hotel_Table(Step_Definition.java:95)\r\n\tat ✽.When user Select The Hotel From Select Hotel Table(Adactin.feature:29)\r\n",
              "status": "failed"
            },
            "line": 29,
            "name": "user Select The Hotel From Select Hotel Table",
            "match": {
              "location": "Step_Definition.user_Select_The_Hotel_From_Select_Hotel_Table()"
            },
            "keyword": "When "
          },
          {
            "result": {
              "status": "skipped"
            },
            "line": 30,
            "name": "user Click Continue Button And It Navigates To Book A Hotel Page",
            "match": {
              "location": "Step_Definition.user_Click_Continue_Button_And_It_Navigates_To_Book_A_Hotel_Page()"
            },
            "keyword": "Then "
          }
        ],
        "tags": [
          {
            "line": 27,
            "name": "@RegressionTest"
          }
        ]
      },
      {
        "line": 33,
        "name": "",
        "description": "",
        "id": "hotel-booking-in-adactin-application;",
        "type": "scenario",
        "keyword": "Scenario",
        "steps": [
          {
            "result": {
              "duration": 16003400,
              "error_message": "org.openqa.selenium.NoSuchWindowException: no such window: target window already closed\nfrom unknown error: web view not found\n  (Session info: chrome\u003d89.0.4389.90)\nBuild info: version: \u00273.141.59\u0027, revision: \u0027e82be7d358\u0027, time: \u00272018-11-14T08:17:03\u0027\nSystem info: host: \u0027SPRAJA777\u0027, ip: \u0027192.168.0.102\u0027, os.name: \u0027Windows 10\u0027, os.arch: \u0027amd64\u0027, os.version: \u002710.0\u0027, java.version: \u00271.8.0_271\u0027\nDriver info: org.openqa.selenium.chrome.ChromeDriver\nCapabilities {acceptInsecureCerts: false, browserName: chrome, browserVersion: 89.0.4389.90, chrome: {chromedriverVersion: 88.0.4324.96 (68dba2d8a0b14..., userDataDir: C:\\Users\\USER\\AppData\\Local...}, goog:chromeOptions: {debuggerAddress: localhost:64318}, javascriptEnabled: true, networkConnectionEnabled: false, pageLoadStrategy: normal, platform: WINDOWS, platformName: WINDOWS, proxy: Proxy(), setWindowRect: true, strictFileInteractability: false, timeouts: {implicit: 0, pageLoad: 300000, script: 30000}, unhandledPromptBehavior: dismiss and notify, webauthn:extension:largeBlob: true, webauthn:virtualAuthenticators: true}\nSession ID: daee0de61ba8de5a1b0d60524299a6c8\n*** Element info: {Using\u003dxpath, value\u003d//input[@id\u003d\u0027first_name\u0027]}\r\n\tat sun.reflect.NativeConstructorAccessorImpl.newInstance0(Native Method)\r\n\tat sun.reflect.NativeConstructorAccessorImpl.newInstance(Unknown Source)\r\n\tat sun.reflect.DelegatingConstructorAccessorImpl.newInstance(Unknown Source)\r\n\tat java.lang.reflect.Constructor.newInstance(Unknown Source)\r\n\tat org.openqa.selenium.remote.http.W3CHttpResponseCodec.createException(W3CHttpResponseCodec.java:187)\r\n\tat org.openqa.selenium.remote.http.W3CHttpResponseCodec.decode(W3CHttpResponseCodec.java:122)\r\n\tat org.openqa.selenium.remote.http.W3CHttpResponseCodec.decode(W3CHttpResponseCodec.java:49)\r\n\tat org.openqa.selenium.remote.HttpCommandExecutor.execute(HttpCommandExecutor.java:158)\r\n\tat org.openqa.selenium.remote.service.DriverCommandExecutor.execute(DriverCommandExecutor.java:83)\r\n\tat org.openqa.selenium.remote.RemoteWebDriver.execute(RemoteWebDriver.java:552)\r\n\tat org.openqa.selenium.remote.RemoteWebDriver.findElement(RemoteWebDriver.java:323)\r\n\tat org.openqa.selenium.remote.RemoteWebDriver.findElementByXPath(RemoteWebDriver.java:428)\r\n\tat org.openqa.selenium.By$ByXPath.findElement(By.java:353)\r\n\tat org.openqa.selenium.remote.RemoteWebDriver.findElement(RemoteWebDriver.java:315)\r\n\tat org.openqa.selenium.support.pagefactory.DefaultElementLocator.findElement(DefaultElementLocator.java:69)\r\n\tat org.openqa.selenium.support.pagefactory.internal.LocatingElementHandler.invoke(LocatingElementHandler.java:38)\r\n\tat com.sun.proxy.$Proxy17.sendKeys(Unknown Source)\r\n\tat com.Baseclass.Base_Class.sendKeys(Base_Class.java:306)\r\n\tat com.adactin.stepdefinition.Step_Definition.user_Fill_First_Name_In_First_Name_Field(Step_Definition.java:106)\r\n\tat ✽.When user Fill First Name In First Name Field(Adactin.feature:34)\r\n",
              "status": "failed"
            },
            "line": 34,
            "name": "user Fill First Name In First Name Field",
            "match": {
              "location": "Step_Definition.user_Fill_First_Name_In_First_Name_Field()"
            },
            "keyword": "When "
          },
          {
            "result": {
              "status": "skipped"
            },
            "line": 35,
            "name": "user Fill Last Name In Last Name Field",
            "match": {
              "location": "Step_Definition.user_Fill_Last_Name_In_Last_Name_Field()"
            },
            "keyword": "And "
          },
          {
            "result": {
              "status": "skipped"
            },
            "line": 36,
            "name": "user Fill Billing Address In Billing Address Field",
            "match": {
              "location": "Step_Definition.user_Fill_Billing_Address_In_Billing_Address_Field()"
            },
            "keyword": "And "
          },
          {
            "result": {
              "status": "skipped"
            },
            "line": 37,
            "name": "user Fill Credit Card Number In Credit Card Number Field",
            "match": {
              "location": "Step_Definition.user_Fill_Credit_Card_Number_In_Credit_Card_Number_Field()"
            },
            "keyword": "And "
          },
          {
            "result": {
              "status": "skipped"
            },
            "line": 38,
            "name": "user Select Type Of Credit Card Type From Credit Card Type DropDown",
            "match": {
              "location": "Step_Definition.user_Select_Type_Of_Credit_Card_Type_From_Credit_Card_Type_DropDown()"
            },
            "keyword": "And "
          },
          {
            "result": {
              "status": "skipped"
            },
            "line": 39,
            "name": "user Select Expiry Month From Select Month Dropdown In Expiry Date Field",
            "match": {
              "location": "Step_Definition.user_Select_Expiry_Month_From_Select_Month_Dropdown_In_Expiry_Date_Field()"
            },
            "keyword": "And "
          },
          {
            "result": {
              "status": "skipped"
            },
            "line": 40,
            "name": "user Select Expiry Year From Select Month Dropdown In Expiry Year Field",
            "match": {
              "location": "Step_Definition.user_Select_Expiry_Year_From_Select_Month_Dropdown_In_Expiry_Year_Field()"
            },
            "keyword": "And "
          },
          {
            "result": {
              "status": "skipped"
            },
            "line": 41,
            "name": "user Enter CVV Number In CVV Field",
            "match": {
              "location": "Step_Definition.user_Enter_CVV_Number_In_CVV_Field()"
            },
            "keyword": "And "
          },
          {
            "result": {
              "status": "skipped"
            },
            "line": 42,
            "name": "user Click Book Button And It Navigates To Booking Cofirmation Page",
            "match": {
              "location": "Step_Definition.user_Click_Book_Button_And_It_Navigates_To_Booking_Cofirmation_Page()"
            },
            "keyword": "Then "
          }
        ],
        "tags": [
          {
            "line": 32,
            "name": "@RegressionTest"
          }
        ]
      },
      {
        "line": 45,
        "name": "",
        "description": "",
        "id": "hotel-booking-in-adactin-application;",
        "type": "scenario",
        "keyword": "Scenario",
        "steps": [
          {
            "result": {
              "duration": 3049884500,
              "error_message": "org.openqa.selenium.NoSuchWindowException: no such window: target window already closed\nfrom unknown error: web view not found\n  (Session info: chrome\u003d89.0.4389.90)\nBuild info: version: \u00273.141.59\u0027, revision: \u0027e82be7d358\u0027, time: \u00272018-11-14T08:17:03\u0027\nSystem info: host: \u0027SPRAJA777\u0027, ip: \u0027192.168.0.102\u0027, os.name: \u0027Windows 10\u0027, os.arch: \u0027amd64\u0027, os.version: \u002710.0\u0027, java.version: \u00271.8.0_271\u0027\nDriver info: org.openqa.selenium.chrome.ChromeDriver\nCapabilities {acceptInsecureCerts: false, browserName: chrome, browserVersion: 89.0.4389.90, chrome: {chromedriverVersion: 88.0.4324.96 (68dba2d8a0b14..., userDataDir: C:\\Users\\USER\\AppData\\Local...}, goog:chromeOptions: {debuggerAddress: localhost:64318}, javascriptEnabled: true, networkConnectionEnabled: false, pageLoadStrategy: normal, platform: WINDOWS, platformName: WINDOWS, proxy: Proxy(), setWindowRect: true, strictFileInteractability: false, timeouts: {implicit: 0, pageLoad: 300000, script: 30000}, unhandledPromptBehavior: dismiss and notify, webauthn:extension:largeBlob: true, webauthn:virtualAuthenticators: true}\nSession ID: daee0de61ba8de5a1b0d60524299a6c8\n*** Element info: {Using\u003dxpath, value\u003d//input[@name\u003d\u0027my_itinerary\u0027]}\r\n\tat sun.reflect.NativeConstructorAccessorImpl.newInstance0(Native Method)\r\n\tat sun.reflect.NativeConstructorAccessorImpl.newInstance(Unknown Source)\r\n\tat sun.reflect.DelegatingConstructorAccessorImpl.newInstance(Unknown Source)\r\n\tat java.lang.reflect.Constructor.newInstance(Unknown Source)\r\n\tat org.openqa.selenium.remote.http.W3CHttpResponseCodec.createException(W3CHttpResponseCodec.java:187)\r\n\tat org.openqa.selenium.remote.http.W3CHttpResponseCodec.decode(W3CHttpResponseCodec.java:122)\r\n\tat org.openqa.selenium.remote.http.W3CHttpResponseCodec.decode(W3CHttpResponseCodec.java:49)\r\n\tat org.openqa.selenium.remote.HttpCommandExecutor.execute(HttpCommandExecutor.java:158)\r\n\tat org.openqa.selenium.remote.service.DriverCommandExecutor.execute(DriverCommandExecutor.java:83)\r\n\tat org.openqa.selenium.remote.RemoteWebDriver.execute(RemoteWebDriver.java:552)\r\n\tat org.openqa.selenium.remote.RemoteWebDriver.findElement(RemoteWebDriver.java:323)\r\n\tat org.openqa.selenium.remote.RemoteWebDriver.findElementByXPath(RemoteWebDriver.java:428)\r\n\tat org.openqa.selenium.By$ByXPath.findElement(By.java:353)\r\n\tat org.openqa.selenium.remote.RemoteWebDriver.findElement(RemoteWebDriver.java:315)\r\n\tat org.openqa.selenium.support.pagefactory.DefaultElementLocator.findElement(DefaultElementLocator.java:69)\r\n\tat org.openqa.selenium.support.pagefactory.internal.LocatingElementHandler.invoke(LocatingElementHandler.java:38)\r\n\tat com.sun.proxy.$Proxy17.click(Unknown Source)\r\n\tat com.Baseclass.Base_Class.click(Base_Class.java:301)\r\n\tat com.adactin.stepdefinition.Step_Definition.user_Click_My_Itinerary_And_It_Navigates_To_Booked_Itinerary_Page(Step_Definition.java:157)\r\n\tat ✽.Then user Click My Itinerary And It Navigates To Booked Itinerary Page(Adactin.feature:46)\r\n",
              "status": "failed"
            },
            "line": 46,
            "name": "user Click My Itinerary And It Navigates To Booked Itinerary Page",
            "match": {
              "location": "Step_Definition.user_Click_My_Itinerary_And_It_Navigates_To_Booked_Itinerary_Page()"
            },
            "keyword": "Then "
          }
        ],
        "tags": [
          {
            "line": 44,
            "name": "@RegressionTest"
          }
        ]
      },
      {
        "line": 49,
        "name": "",
        "description": "",
        "id": "hotel-booking-in-adactin-application;",
        "type": "scenario",
        "keyword": "Scenario",
        "steps": [
          {
            "result": {
              "duration": 27714200,
              "error_message": "org.openqa.selenium.NoSuchWindowException: no such window: target window already closed\nfrom unknown error: web view not found\n  (Session info: chrome\u003d89.0.4389.90)\nBuild info: version: \u00273.141.59\u0027, revision: \u0027e82be7d358\u0027, time: \u00272018-11-14T08:17:03\u0027\nSystem info: host: \u0027SPRAJA777\u0027, ip: \u0027192.168.0.102\u0027, os.name: \u0027Windows 10\u0027, os.arch: \u0027amd64\u0027, os.version: \u002710.0\u0027, java.version: \u00271.8.0_271\u0027\nDriver info: org.openqa.selenium.chrome.ChromeDriver\nCapabilities {acceptInsecureCerts: false, browserName: chrome, browserVersion: 89.0.4389.90, chrome: {chromedriverVersion: 88.0.4324.96 (68dba2d8a0b14..., userDataDir: C:\\Users\\USER\\AppData\\Local...}, goog:chromeOptions: {debuggerAddress: localhost:64318}, javascriptEnabled: true, networkConnectionEnabled: false, pageLoadStrategy: normal, platform: WINDOWS, platformName: WINDOWS, proxy: Proxy(), setWindowRect: true, strictFileInteractability: false, timeouts: {implicit: 0, pageLoad: 300000, script: 30000}, unhandledPromptBehavior: dismiss and notify, webauthn:extension:largeBlob: true, webauthn:virtualAuthenticators: true}\nSession ID: daee0de61ba8de5a1b0d60524299a6c8\n*** Element info: {Using\u003dxpath, value\u003d//input[@id\u003d\u0027search_hotel\u0027]}\r\n\tat sun.reflect.NativeConstructorAccessorImpl.newInstance0(Native Method)\r\n\tat sun.reflect.NativeConstructorAccessorImpl.newInstance(Unknown Source)\r\n\tat sun.reflect.DelegatingConstructorAccessorImpl.newInstance(Unknown Source)\r\n\tat java.lang.reflect.Constructor.newInstance(Unknown Source)\r\n\tat org.openqa.selenium.remote.http.W3CHttpResponseCodec.createException(W3CHttpResponseCodec.java:187)\r\n\tat org.openqa.selenium.remote.http.W3CHttpResponseCodec.decode(W3CHttpResponseCodec.java:122)\r\n\tat org.openqa.selenium.remote.http.W3CHttpResponseCodec.decode(W3CHttpResponseCodec.java:49)\r\n\tat org.openqa.selenium.remote.HttpCommandExecutor.execute(HttpCommandExecutor.java:158)\r\n\tat org.openqa.selenium.remote.service.DriverCommandExecutor.execute(DriverCommandExecutor.java:83)\r\n\tat org.openqa.selenium.remote.RemoteWebDriver.execute(RemoteWebDriver.java:552)\r\n\tat org.openqa.selenium.remote.RemoteWebDriver.findElement(RemoteWebDriver.java:323)\r\n\tat org.openqa.selenium.remote.RemoteWebDriver.findElementByXPath(RemoteWebDriver.java:428)\r\n\tat org.openqa.selenium.By$ByXPath.findElement(By.java:353)\r\n\tat org.openqa.selenium.remote.RemoteWebDriver.findElement(RemoteWebDriver.java:315)\r\n\tat org.openqa.selenium.support.pagefactory.DefaultElementLocator.findElement(DefaultElementLocator.java:69)\r\n\tat org.openqa.selenium.support.pagefactory.internal.LocatingElementHandler.invoke(LocatingElementHandler.java:38)\r\n\tat com.sun.proxy.$Proxy17.getWrappedElement(Unknown Source)\r\n\tat org.openqa.selenium.remote.internal.WebElementToJsonConverter.apply(WebElementToJsonConverter.java:50)\r\n\tat java.util.stream.ReferencePipeline$3$1.accept(Unknown Source)\r\n\tat java.util.Spliterators$ArraySpliterator.forEachRemaining(Unknown Source)\r\n\tat java.util.stream.AbstractPipeline.copyInto(Unknown Source)\r\n\tat java.util.stream.AbstractPipeline.wrapAndCopyInto(Unknown Source)\r\n\tat java.util.stream.ReduceOps$ReduceOp.evaluateSequential(Unknown Source)\r\n\tat java.util.stream.AbstractPipeline.evaluate(Unknown Source)\r\n\tat java.util.stream.ReferencePipeline.collect(Unknown Source)\r\n\tat org.openqa.selenium.remote.RemoteWebDriver.executeScript(RemoteWebDriver.java:484)\r\n\tat com.Baseclass.Base_Class.javaScript_Scroll(Base_Class.java:250)\r\n\tat com.adactin.stepdefinition.Step_Definition.user_ScrollDown_And_takes_Screenshot_of_the_Booked_Hotels(Step_Definition.java:165)\r\n\tat ✽.When user ScrollDown And takes Screenshot of the Booked Hotels(Adactin.feature:50)\r\n",
              "status": "failed"
            },
            "line": 50,
            "name": "user ScrollDown And takes Screenshot of the Booked Hotels",
            "match": {
              "location": "Step_Definition.user_ScrollDown_And_takes_Screenshot_of_the_Booked_Hotels()"
            },
            "keyword": "When "
          },
          {
            "result": {
              "status": "skipped"
            },
            "line": 51,
            "name": "user Click Logout And It Navigates to Successfully Logged Out Page",
            "match": {
              "location": "Step_Definition.user_Click_Logout_And_It_Navigates_to_Successfully_Logged_Out_Page()"
            },
            "keyword": "Then "
          }
        ],
        "tags": [
          {
            "line": 48,
            "name": "@RegressionTest"
          }
        ]
      }
    ],
    "name": "Hotel Booking In Adactin Application",
    "description": "",
    "id": "hotel-booking-in-adactin-application",
    "keyword": "Feature",
    "uri": "Adactin.feature"
  }
]